[22-Jul-2024 14:06:06 UTC] PHP Fatal error:  Array and string offset access syntax with curly braces is no longer supported in C:\Users\Pro\Local Sites\planty\app\public\wp-content\themes\beans-1.5.1\tm-beans\lib\api\compiler\vendors\lessc.php on line 719
[22-Jul-2024 14:08:13 UTC] PHP Fatal error:  Array and string offset access syntax with curly braces is no longer supported in C:\Users\Pro\Local Sites\planty\app\public\wp-content\themes\tm-beans\lib\api\compiler\vendors\lessc.php on line 719
[22-Jul-2024 14:10:13 UTC] PHP Fatal error:  Array and string offset access syntax with curly braces is no longer supported in C:\Users\Pro\Local Sites\planty\app\public\wp-content\themes\beans-1.5.1\tm-beans\lib\api\compiler\vendors\lessc.php on line 719
[23-Jul-2024 08:11:51 UTC] PHP Warning:  Undefined variable $qsid in C:\Users\Pro\Local Sites\planty\app\public\wp-content\plugins\child-theme-configurator\includes\classes\CSS.php on line 958
[23-Jul-2024 08:11:51 UTC] PHP Warning:  Undefined variable $qsid in C:\Users\Pro\Local Sites\planty\app\public\wp-content\plugins\child-theme-configurator\includes\classes\CSS.php on line 960
[23-Jul-2024 08:11:51 UTC] PHP Warning:  Undefined variable $qsid in C:\Users\Pro\Local Sites\planty\app\public\wp-content\plugins\child-theme-configurator\includes\classes\CSS.php on line 967
[23-Jul-2024 08:11:51 UTC] PHP Warning:  Undefined variable $qsid in C:\Users\Pro\Local Sites\planty\app\public\wp-content\plugins\child-theme-configurator\includes\classes\CSS.php on line 968
[23-Jul-2024 08:11:51 UTC] PHP Warning:  Undefined variable $qsid in C:\Users\Pro\Local Sites\planty\app\public\wp-content\plugins\child-theme-configurator\includes\classes\CSS.php on line 971
[29-Jul-2024 13:12:47 UTC] PHP Parse error:  syntax error, unexpected token "}", expecting "," or ";" in C:\Users\Pro\Local Sites\planty\app\public\wp-content\themes\astra-child\functions.php on line 32
[03-Aug-2024 08:17:55 UTC] PHP Warning:  Undefined variable $items in C:\Users\Pro\Local Sites\planty\app\public\wp-content\themes\astra-child\functions.php on line 58
[03-Aug-2024 08:17:57 UTC] PHP Warning:  Undefined variable $items in C:\Users\Pro\Local Sites\planty\app\public\wp-content\themes\astra-child\functions.php on line 58
[03-Aug-2024 08:18:49 UTC] PHP Warning:  Undefined variable $items in C:\Users\Pro\Local Sites\planty\app\public\wp-content\themes\astra-child\functions.php on line 58
[03-Aug-2024 08:19:29 UTC] PHP Warning:  Undefined variable $items in C:\Users\Pro\Local Sites\planty\app\public\wp-content\themes\astra-child\functions.php on line 38
[03-Aug-2024 08:19:51 UTC] PHP Warning:  Undefined variable $items in C:\Users\Pro\Local Sites\planty\app\public\wp-content\themes\astra-child\functions.php on line 38
[03-Aug-2024 08:20:28 UTC] PHP Warning:  Undefined variable $menu_items in C:\Users\Pro\Local Sites\planty\app\public\wp-content\themes\astra-child\functions.php on line 38
[03-Aug-2024 08:21:55 UTC] PHP Warning:  Undefined variable $menu_items in C:\Users\Pro\Local Sites\planty\app\public\wp-content\themes\astra-child\functions.php on line 38
[03-Aug-2024 08:31:21 UTC] PHP Parse error:  syntax error, unexpected identifier "à" in C:\Users\Pro\Local Sites\planty\app\public\wp-content\themes\astra-child\functions.php on line 95
[03-Aug-2024 08:31:51 UTC] PHP Parse error:  syntax error, unexpected identifier "à" in C:\Users\Pro\Local Sites\planty\app\public\wp-content\themes\astra-child\functions.php on line 95
[03-Aug-2024 08:31:51 UTC] PHP Warning:  Trying to access array offset on value of type bool in C:\Users\Pro\Local Sites\planty\app\public\wp-includes\class-wp-recovery-mode-email-service.php on line 367
[03-Aug-2024 08:31:51 UTC] PHP Warning:  Trying to access array offset on value of type bool in C:\Users\Pro\Local Sites\planty\app\public\wp-includes\class-wp-recovery-mode-email-service.php on line 368
[06-Aug-2024 08:41:04 UTC] PHP Parse error:  Unclosed '{' on line 52 in C:\Users\Pro\Local Sites\planty\app\public\wp-content\themes\astra-child\functions.php on line 86
